# JRE version: OpenJDK Runtime Environment Corretto-17.0.11.9.1 (17.0.11+9) (build 17.0.11+9-LTS)
# Java VM: OpenJDK 64-Bit Server VM Corretto-17.0.11.9.1 (17.0.11+9-LTS, mixed mode, sharing, tiered, compressed oops, compressed class ptrs, g1 gc, windows-amd64)
GC Precious Log:
 CPUs: 16 total, 16 available
 Memory: 16110M
 Large Page Support: Disabled
 NUMA Support: Disabled
 Compressed Oops: Enabled (Zero based)
 Heap Region Size: 2M
 Heap Min Capacity: 8M
 Heap Initial Capacity: 252M
 Heap Max Capacity: 4028M
 Pre-touch: Disabled
 Parallel Workers: 13
 Concurrent Workers: 3
 Concurrent Refinement Workers: 13
 Periodic GC: Disabled
Heap:
 garbage-first heap   total 258048K, used 83848K [0x0000000704400000, 0x0000000800000000)
  region size 2048K, 1 young (2048K), 1 survivors (2048K)
 Metaspace       used 66488K, committed 66880K, reserved 1114112K
  class space    used 7227K, committed 7424K, reserved 1048576K
GC Heap History (20 events):
Event: 4.411 GC heap after
{Heap after GC invocations=17 (full 0):
 garbage-first heap   total 108544K, used 57031K [0x0000000704400000, 0x0000000800000000)
  region size 2048K, 3 young (6144K), 3 survivors (6144K)
 Metaspace       used 53276K, committed 53568K, reserved 1114112K
  class space    used 6105K, committed 6272K, reserved 1048576K
}
Event: 4.855 GC heap before
{Heap before GC invocations=18 (full 0):
 garbage-first heap   total 108544K, used 81607K [0x0000000704400000, 0x0000000800000000)
  region size 2048K, 15 young (30720K), 3 survivors (6144K)
 Metaspace       used 54291K, committed 54656K, reserved 1114112K
  class space    used 6165K, committed 6336K, reserved 1048576K
}
Event: 4.863 GC heap after
{Heap after GC invocations=19 (full 0):
 garbage-first heap   total 108544K, used 60384K [0x0000000704400000, 0x0000000800000000)
  region size 2048K, 2 young (4096K), 2 survivors (4096K)
 Metaspace       used 54291K, committed 54656K, reserved 1114112K
  class space    used 6165K, committed 6336K, reserved 1048576K
}
Event: 5.112 GC heap before
{Heap before GC invocations=19 (full 0):
 garbage-first heap   total 108544K, used 82912K [0x0000000704400000, 0x0000000800000000)
  region size 2048K, 13 young (26624K), 2 survivors (4096K)
 Metaspace       used 54843K, committed 55168K, reserved 1114112K
  class space    used 6190K, committed 6336K, reserved 1048576K
}
Event: 5.122 GC heap after
{Heap after GC invocations=20 (full 0):
 garbage-first heap   total 137216K, used 64329K [0x0000000704400000, 0x0000000800000000)
  region size 2048K, 2 young (4096K), 2 survivors (4096K)
 Metaspace       used 54843K, committed 55168K, reserved 1114112K
  class space    used 6190K, committed 6336K, reserved 1048576K
}
Event: 5.565 GC heap before
{Heap before GC invocations=21 (full 0):
 garbage-first heap   total 137216K, used 93001K [0x0000000704400000, 0x0000000800000000)
  region size 2048K, 18 young (36864K), 2 survivors (4096K)
 Metaspace       used 55356K, committed 55680K, reserved 1114112K
  class space    used 6216K, committed 6400K, reserved 1048576K
}
Event: 5.570 GC heap after
{Heap after GC invocations=22 (full 0):
 garbage-first heap   total 137216K, used 66372K [0x0000000704400000, 0x0000000800000000)
  region size 2048K, 2 young (4096K), 2 survivors (4096K)
 Metaspace       used 55356K, committed 55680K, reserved 1114112K
  class space    used 6216K, committed 6400K, reserved 1048576K
}
Event: 6.116 GC heap before
{Heap before GC invocations=23 (full 0):
 garbage-first heap   total 137216K, used 107332K [0x0000000704400000, 0x0000000800000000)
  region size 2048K, 21 young (43008K), 2 survivors (4096K)
 Metaspace       used 55804K, committed 56128K, reserved 1114112K
  class space    used 6236K, committed 6400K, reserved 1048576K
}
Event: 6.123 GC heap after
{Heap after GC invocations=24 (full 0):
 garbage-first heap   total 137216K, used 72320K [0x0000000704400000, 0x0000000800000000)
  region size 2048K, 2 young (4096K), 2 survivors (4096K)
 Metaspace       used 55804K, committed 56128K, reserved 1114112K
  class space    used 6236K, committed 6400K, reserved 1048576K
}
Event: 6.672 GC heap before
{Heap before GC invocations=24 (full 0):
 garbage-first heap   total 137216K, used 109184K [0x0000000704400000, 0x0000000800000000)
  region size 2048K, 20 young (40960K), 2 survivors (4096K)
 Metaspace       used 56538K, committed 56896K, reserved 1114112K
  class space    used 6277K, committed 6464K, reserved 1048576K
}
Event: 6.678 GC heap after
{Heap after GC invocations=25 (full 0):
 garbage-first heap   total 137216K, used 75737K [0x0000000704400000, 0x0000000800000000)
  region size 2048K, 2 young (4096K), 2 survivors (4096K)
 Metaspace       used 56538K, committed 56896K, reserved 1114112K
  class space    used 6277K, committed 6464K, reserved 1048576K
}
Event: 7.020 GC heap before
{Heap before GC invocations=26 (full 0):
 garbage-first heap   total 137216K, used 106457K [0x0000000704400000, 0x0000000800000000)
  region size 2048K, 18 young (36864K), 2 survivors (4096K)
 Metaspace       used 59059K, committed 59392K, reserved 1114112K
  class space    used 6524K, committed 6656K, reserved 1048576K
}
Event: 7.025 GC heap after
{Heap after GC invocations=27 (full 0):
 garbage-first heap   total 137216K, used 76593K [0x0000000704400000, 0x0000000800000000)
  region size 2048K, 3 young (6144K), 3 survivors (6144K)
 Metaspace       used 59059K, committed 59392K, reserved 1114112K
  class space    used 6524K, committed 6656K, reserved 1048576K
}
Event: 7.047 GC heap before
{Heap before GC invocations=27 (full 0):
 garbage-first heap   total 137216K, used 78641K [0x0000000704400000, 0x0000000800000000)
  region size 2048K, 4 young (8192K), 3 survivors (6144K)
 Metaspace       used 59641K, committed 59968K, reserved 1114112K
  class space    used 6566K, committed 6720K, reserved 1048576K
}
Event: 7.058 GC heap after
{Heap after GC invocations=28 (full 0):
 garbage-first heap   total 137216K, used 76994K [0x0000000704400000, 0x0000000800000000)
  region size 2048K, 1 young (2048K), 1 survivors (2048K)
 Metaspace       used 59641K, committed 59968K, reserved 1114112K
  class space    used 6566K, committed 6720K, reserved 1048576K
}
Event: 7.531 GC heap before
{Heap before GC invocations=28 (full 0):
 garbage-first heap   total 137216K, used 109762K [0x0000000704400000, 0x0000000800000000)
  region size 2048K, 17 young (34816K), 1 survivors (2048K)
 Metaspace       used 64087K, committed 64384K, reserved 1114112K
  class space    used 6965K, committed 7104K, reserved 1048576K
}
Event: 7.535 GC heap after
{Heap after GC invocations=29 (full 0):
 garbage-first heap   total 137216K, used 79544K [0x0000000704400000, 0x0000000800000000)
  region size 2048K, 2 young (4096K), 2 survivors (4096K)
 Metaspace       used 64087K, committed 64384K, reserved 1114112K
  class space    used 6965K, committed 7104K, reserved 1048576K
}
Event: 7.952 GC heap before
{Heap before GC invocations=30 (full 0):
 garbage-first heap   total 141312K, used 110264K [0x0000000704400000, 0x0000000800000000)
  region size 2048K, 17 young (34816K), 2 survivors (4096K)
 Metaspace       used 66468K, committed 66880K, reserved 1114112K
  class space    used 7227K, committed 7424K, reserved 1048576K
}
Event: 7.958 GC heap after
{Heap after GC invocations=31 (full 0):
 garbage-first heap   total 141312K, used 83892K [0x0000000704400000, 0x0000000800000000)
  region size 2048K, 3 young (6144K), 3 survivors (6144K)
 Metaspace       used 66468K, committed 66880K, reserved 1114112K
  class space    used 7227K, committed 7424K, reserved 1048576K
}
Event: 7.969 GC heap before
{Heap before GC invocations=31 (full 0):
 garbage-first heap   total 141312K, used 85940K [0x0000000704400000, 0x0000000800000000)
  region size 2048K, 4 young (8192K), 3 survivors (6144K)
 Metaspace       used 66488K, committed 66880K, reserved 1114112K
  class space    used 7227K, committed 7424K, reserved 1048576K
}

