# JRE version: OpenJDK Runtime Environment Corretto-17.0.11.9.1 (17.0.11+9) (build 17.0.11+9-LTS)
# Java VM: OpenJDK 64-Bit Server VM Corretto-17.0.11.9.1 (17.0.11+9-LTS, mixed mode, sharing, tiered, compressed oops, compressed class ptrs, g1 gc, windows-amd64)
GC Precious Log:
 CPUs: 16 total, 16 available
 Memory: 16110M
 Large Page Support: Disabled
 NUMA Support: Disabled
 Compressed Oops: Enabled (32-bit)
 Heap Region Size: 1M
 Heap Min Capacity: 8M
 Heap Initial Capacity: 252M
 Heap Max Capacity: 2G
 Pre-touch: Disabled
 Parallel Workers: 13
 Concurrent Workers: 3
 Concurrent Refinement Workers: 13
 Periodic GC: Disabled
Heap:
 garbage-first heap   total 322560K, used 160347K [0x0000000080000000, 0x0000000100000000)
  region size 1024K, 5 young (5120K), 5 survivors (5120K)
 Metaspace       used 126368K, committed 127680K, reserved 1179648K
  class space    used 18199K, committed 18880K, reserved 1048576K
GC Heap History (20 events):
Event: 756.415 GC heap after
{Heap after GC invocations=69 (full 0):
 garbage-first heap   total 322560K, used 153339K [0x0000000080000000, 0x0000000100000000)
  region size 1024K, 2 young (2048K), 2 survivors (2048K)
 Metaspace       used 124246K, committed 125504K, reserved 1179648K
  class space    used 18060K, committed 18688K, reserved 1048576K
}
Event: 1352.850 GC heap before
{Heap before GC invocations=69 (full 0):
 garbage-first heap   total 322560K, used 264955K [0x0000000080000000, 0x0000000100000000)
  region size 1024K, 111 young (113664K), 2 survivors (2048K)
 Metaspace       used 124696K, committed 125888K, reserved 1179648K
  class space    used 18083K, committed 18688K, reserved 1048576K
}
Event: 1352.884 GC heap after
{Heap after GC invocations=70 (full 0):
 garbage-first heap   total 322560K, used 161096K [0x0000000080000000, 0x0000000100000000)
  region size 1024K, 10 young (10240K), 10 survivors (10240K)
 Metaspace       used 124696K, committed 125888K, reserved 1179648K
  class space    used 18083K, committed 18688K, reserved 1048576K
}
Event: 1353.853 GC heap before
{Heap before GC invocations=71 (full 0):
 garbage-first heap   total 322560K, used 265544K [0x0000000080000000, 0x0000000100000000)
  region size 1024K, 112 young (114688K), 10 survivors (10240K)
 Metaspace       used 124905K, committed 126144K, reserved 1179648K
  class space    used 18074K, committed 18688K, reserved 1048576K
}
Event: 1353.870 GC heap after
{Heap after GC invocations=72 (full 0):
 garbage-first heap   total 322560K, used 173801K [0x0000000080000000, 0x0000000100000000)
  region size 1024K, 13 young (13312K), 13 survivors (13312K)
 Metaspace       used 124905K, committed 126144K, reserved 1179648K
  class space    used 18074K, committed 18688K, reserved 1048576K
}
Event: 1353.877 GC heap before
{Heap before GC invocations=72 (full 0):
 garbage-first heap   total 322560K, used 174825K [0x0000000080000000, 0x0000000100000000)
  region size 1024K, 15 young (15360K), 13 survivors (13312K)
 Metaspace       used 124905K, committed 126144K, reserved 1179648K
  class space    used 18074K, committed 18688K, reserved 1048576K
}
Event: 1353.893 GC heap after
{Heap after GC invocations=73 (full 0):
 garbage-first heap   total 322560K, used 158133K [0x0000000080000000, 0x0000000100000000)
  region size 1024K, 2 young (2048K), 2 survivors (2048K)
 Metaspace       used 124905K, committed 126144K, reserved 1179648K
  class space    used 18074K, committed 18688K, reserved 1048576K
}
Event: 1363.885 GC heap before
{Heap before GC invocations=73 (full 0):
 garbage-first heap   total 322560K, used 260533K [0x0000000080000000, 0x0000000100000000)
  region size 1024K, 103 young (105472K), 2 survivors (2048K)
 Metaspace       used 125311K, committed 126528K, reserved 1179648K
  class space    used 18134K, committed 18752K, reserved 1048576K
}
Event: 1363.888 GC heap after
{Heap after GC invocations=74 (full 0):
 garbage-first heap   total 322560K, used 158270K [0x0000000080000000, 0x0000000100000000)
  region size 1024K, 3 young (3072K), 3 survivors (3072K)
 Metaspace       used 125311K, committed 126528K, reserved 1179648K
  class space    used 18134K, committed 18752K, reserved 1048576K
}
Event: 1409.896 GC heap before
{Heap before GC invocations=75 (full 0):
 garbage-first heap   total 322560K, used 263742K [0x0000000080000000, 0x0000000100000000)
  region size 1024K, 107 young (109568K), 3 survivors (3072K)
 Metaspace       used 125809K, committed 127104K, reserved 1179648K
  class space    used 18175K, committed 18816K, reserved 1048576K
}
Event: 1409.905 GC heap after
{Heap after GC invocations=76 (full 0):
 garbage-first heap   total 322560K, used 169477K [0x0000000080000000, 0x0000000100000000)
  region size 1024K, 14 young (14336K), 14 survivors (14336K)
 Metaspace       used 125809K, committed 127104K, reserved 1179648K
  class space    used 18175K, committed 18816K, reserved 1048576K
}
Event: 1409.912 GC heap before
{Heap before GC invocations=76 (full 0):
 garbage-first heap   total 322560K, used 170501K [0x0000000080000000, 0x0000000100000000)
  region size 1024K, 15 young (15360K), 14 survivors (14336K)
 Metaspace       used 125810K, committed 127104K, reserved 1179648K
  class space    used 18175K, committed 18816K, reserved 1048576K
}
Event: 1409.927 GC heap after
{Heap after GC invocations=77 (full 0):
 garbage-first heap   total 322560K, used 157300K [0x0000000080000000, 0x0000000100000000)
  region size 1024K, 2 young (2048K), 2 survivors (2048K)
 Metaspace       used 125810K, committed 127104K, reserved 1179648K
  class space    used 18175K, committed 18816K, reserved 1048576K
}
Event: 1419.841 GC heap before
{Heap before GC invocations=77 (full 0):
 garbage-first heap   total 322560K, used 261748K [0x0000000080000000, 0x0000000100000000)
  region size 1024K, 105 young (107520K), 2 survivors (2048K)
 Metaspace       used 125932K, committed 127232K, reserved 1179648K
  class space    used 18178K, committed 18816K, reserved 1048576K
}
Event: 1419.844 GC heap after
{Heap after GC invocations=78 (full 0):
 garbage-first heap   total 322560K, used 158384K [0x0000000080000000, 0x0000000100000000)
  region size 1024K, 3 young (3072K), 3 survivors (3072K)
 Metaspace       used 125932K, committed 127232K, reserved 1179648K
  class space    used 18178K, committed 18816K, reserved 1048576K
}
Event: 1431.119 GC heap before
{Heap before GC invocations=79 (full 0):
 garbage-first heap   total 322560K, used 263856K [0x0000000080000000, 0x0000000100000000)
  region size 1024K, 108 young (110592K), 3 survivors (3072K)
 Metaspace       used 126184K, committed 127488K, reserved 1179648K
  class space    used 18193K, committed 18880K, reserved 1048576K
}
Event: 1431.128 GC heap after
{Heap after GC invocations=80 (full 0):
 garbage-first heap   total 322560K, used 168238K [0x0000000080000000, 0x0000000100000000)
  region size 1024K, 14 young (14336K), 14 survivors (14336K)
 Metaspace       used 126184K, committed 127488K, reserved 1179648K
  class space    used 18193K, committed 18880K, reserved 1048576K
}
Event: 1431.139 GC heap before
{Heap before GC invocations=80 (full 0):
 garbage-first heap   total 322560K, used 169262K [0x0000000080000000, 0x0000000100000000)
  region size 1024K, 15 young (15360K), 14 survivors (14336K)
 Metaspace       used 126187K, committed 127488K, reserved 1179648K
  class space    used 18193K, committed 18880K, reserved 1048576K
}
Event: 1431.155 GC heap after
{Heap after GC invocations=81 (full 0):
 garbage-first heap   total 322560K, used 157084K [0x0000000080000000, 0x0000000100000000)
  region size 1024K, 2 young (2048K), 2 survivors (2048K)
 Metaspace       used 126187K, committed 127488K, reserved 1179648K
  class space    used 18193K, committed 18880K, reserved 1048576K
}
Event: 1436.752 GC heap before
{Heap before GC invocations=81 (full 0):
 garbage-first heap   total 322560K, used 261532K [0x0000000080000000, 0x0000000100000000)
  region size 1024K, 105 young (107520K), 2 survivors (2048K)
 Metaspace       used 126368K, committed 127680K, reserved 1179648K
  class space    used 18199K, committed 18880K, reserved 1048576K
}

